2025/05/07 10:57:32 DFAST pipeline started. (version 1.3.6)
2025/05/07 10:57:32 Results will be generated into 'dfast_output'.
2025/05/07 10:57:32 Loading a genomic fasta file from spadesoutgalaxy/scaffolds.fasta
2025/05/07 10:57:32 Genome source information: organism=, strain=
2025/05/07 10:57:32 The query genome is treated as a draft genome with 5694 sequences.
2025/05/07 10:57:32 Sequences are sorted by length (from longer to shorter).
2025/05/07 10:57:32 Sequences shorter than 200 will be eliminated.
2025/05/07 10:57:32 Sequences will be renamed as sequence0001, sequence0002...
2025/05/07 10:57:32 Locus_tag settings: locus_tag_prefix=LOCUS and step=10.
2025/05/07 10:57:32 Locus_tags are assigned separately to each feature type. e.g. CDS: LOCUS_000xx, rRNA: LOCUS_r000xx, tRNA: LOCUS_t000xx, tmRNA: LOCUS_tm000xx.
2025/05/07 10:57:32 Remove_Partial_Feature is enabled.
2025/05/07 10:57:32 Remove_Overlapping_Feature is enabled. Priority: ['assembly_gap', 'CRISPR', ('tmRNA', 'tRNA', 'rRNA'), 'CDS']
2025/05/07 10:57:32 Initializing structural annotation tools... 
2025/05/07 10:57:32 GAPannotator initialized. (Version 1.0)
2025/05/07 10:57:32 Setting GAPannotator options. {'len_cutoff': 5, 'linkage_evidence': 'paired-ends', 'gap_type': 'within scaffold'}
2025/05/07 10:57:32 Checking MetaGeneAnnotator... 
2025/05/07 10:57:32 MetaGeneAnnotator initialized. (Version 2008/08/19)
2025/05/07 10:57:32 Setting MetaGeneAnnotator options. {'cmd_options': '-s', 'transl_table': 11}
2025/05/07 10:57:32 Checking Aragorn version... 
2025/05/07 10:57:32 Aragorn initialized. (Version 1.2.41)
2025/05/07 10:57:32 Setting Aragorn options. {'gcode': '-gcbact', 'cmd_options': '-l', 'transl_table': 11}
2025/05/07 10:57:32 Checking Barrnap version... 
2025/05/07 10:57:32 Barrnap initialized. (Version 0.9)
2025/05/07 10:57:32 Checking CRT version... 
2025/05/07 10:57:32 CRT initialized. (Version 1.2)
2025/05/07 10:57:32 Setting CRT options. {'jar_file': '/Users/kimberlyhabon/miniconda3/envs/genomeanalysis/opt/dfast-1.3.6/bin/common/CRT1.2-CLI.jar', 'java_options': '', 'cmd_options': ''}
2025/05/07 10:57:32 Checking Java version... 
2025/05/07 10:57:32 Java initialized. (Version 23.0.2)
2025/05/07 10:57:32 Initializing contig annotation tools... 
2025/05/07 10:57:32 Initializing annotation components... 
2025/05/07 10:57:32 DBsearch initialized.
2025/05/07 10:57:32 Setting DBsearch options. {'skipAnnotatedFeatures': True, 'evalue_cutoff': 1e-06, 'qcov_cutoff': 75, 'scov_cutoff': 75, 'pident_cutoff': 0, 'aligner': 'ghostx', 'aligner_options': {}, 'database': '/Users/kimberlyhabon/miniconda3/envs/genomeanalysis/opt/dfast-1.3.6/db/protein/DFAST-default.ref', 'db_name': ''}
2025/05/07 10:57:32 Checking GHOSTX version... 
2025/05/07 10:57:33 GHOSTX initialized. (Version 1.3.6)
2025/05/07 10:57:34 Reference DB loaded. 381721 sequences. [version=1.2.1, dbname=DFAST-default, contributor=yt,ddbj, modified=20240214]
2025/05/07 10:57:34 PseudoGeneDetection initialized.
2025/05/07 10:57:34 Setting PseudoGeneDetection options. {'cpu': 1, 'skipAnnotatedFeatures': False, 'extension': 300, 'scov_cutoff': 85, 'transl_table': 11}
2025/05/07 10:57:34 Checking lastdb version... 
2025/05/07 10:57:34 lastdb initialized. (Version 959)
2025/05/07 10:57:34 Setting lastdb options. {'cpu': 1, 'skipAnnotatedFeatures': False, 'extension': 300, 'scov_cutoff': 85, 'transl_table': 11}
2025/05/07 10:57:34 Checking lastal version... 
2025/05/07 10:57:34 lastal initialized. (Version 959)
2025/05/07 10:57:34 Setting lastal options. {'cpu': 1, 'skipAnnotatedFeatures': False, 'extension': 300, 'scov_cutoff': 85, 'transl_table': 11}
2025/05/07 10:57:34 Checking Blastp version... 
2025/05/07 10:57:34 Blastp initialized. (Version 2.16.0)
2025/05/07 10:57:34 HMMscan initialized.
2025/05/07 10:57:34 Setting HMMscan options. {'skipAnnotatedFeatures': True, 'evalue_cutoff': 1e-06, 'database': '/Users/kimberlyhabon/miniconda3/envs/genomeanalysis/opt/dfast-1.3.6/db/hmm/TIGRFAMs_15.0_HMM.LIB', 'db_name': 'TIGR', 'cmd_options': ''}
2025/05/07 10:57:34 Checking hmmscan version... 
2025/05/07 10:57:34 hmmscan initialized. (Version 3.4)
2025/05/07 10:57:34 Setting hmmscan options. {'skipAnnotatedFeatures': True, 'evalue_cutoff': 1e-06, 'database': '/Users/kimberlyhabon/miniconda3/envs/genomeanalysis/opt/dfast-1.3.6/db/hmm/TIGRFAMs_15.0_HMM.LIB', 'db_name': 'TIGR', 'cmd_options': ''}
2025/05/07 10:57:34 CDDsearch initialized.
2025/05/07 10:57:34 Setting CDDsearch options. {'skipAnnotatedFeatures': False, 'evalue_cutoff': 1e-06, 'database': '/Users/kimberlyhabon/miniconda3/envs/genomeanalysis/opt/dfast-1.3.6/db/cdd/Cog', 'rpsbproc_data': '/Users/kimberlyhabon/miniconda3/envs/genomeanalysis/opt/dfast-1.3.6/bin/common/rpsbproc_data'}
2025/05/07 10:57:34 Checking RPSblast version... 
2025/05/07 10:57:34 RPSblast initialized. (Version 2.16.0)
2025/05/07 10:57:34 Setting RPSblast options. {'skipAnnotatedFeatures': False, 'evalue_cutoff': 1e-06, 'database': '/Users/kimberlyhabon/miniconda3/envs/genomeanalysis/opt/dfast-1.3.6/db/cdd/Cog', 'rpsbproc_data': '/Users/kimberlyhabon/miniconda3/envs/genomeanalysis/opt/dfast-1.3.6/bin/common/rpsbproc_data'}
2025/05/07 10:57:34 Checking rpsbproc version... 
2025/05/07 10:57:34 rpsbproc initialized. (Version 0.1)
2025/05/07 10:57:34 Setting rpsbproc options. {'skipAnnotatedFeatures': False, 'evalue_cutoff': 1e-06, 'database': '/Users/kimberlyhabon/miniconda3/envs/genomeanalysis/opt/dfast-1.3.6/db/cdd/Cog', 'rpsbproc_data': '/Users/kimberlyhabon/miniconda3/envs/genomeanalysis/opt/dfast-1.3.6/bin/common/rpsbproc_data'}
2025/05/07 10:57:34 Start structural annotation process using 2 CPUs
2025/05/07 10:57:40 13 assembly_gap features were detected by GAPannotator.
2025/05/07 10:57:41 8721 CDS features were detected by MetaGeneAnnotator.
2025/05/07 10:57:41 103 tRNA features were detected by Aragorn.
2025/05/07 10:57:41 10 rRNA features were detected by Barrnap.
2025/05/07 10:57:41 8 CRISPR (later will be replaced by repeat_region) features were detected by CRT.
2025/05/07 10:57:41 Removed 26 overlapping features.
2025/05/07 10:57:41 Start executing functional annotation components.
2025/05/07 10:57:41 DBsearch will be performed using 2 CPUs.
2025/05/07 10:58:47 DBsearch done 2/2.
2025/05/07 10:58:48 DBsearch done 1/2.
2025/05/07 10:58:48 Last format DB will be performed using 1 CPUs.
2025/05/07 10:58:48 Last format DB done 1/1.
2025/05/07 10:58:48 Last alignment will be performed using 1 CPUs.
2025/05/07 10:58:53 Last alignment done 1/1.
2025/05/07 10:58:53 55 CDS features were marked as possible pseudo due to internal stop codons.
2025/05/07 10:58:53 128 CDS features were marked as possible pseudo due to frameshift.
2025/05/07 10:58:53 HMMscan will be performed using 2 CPUs.
2025/05/07 11:10:19 HMMscan done 2/2.
2025/05/07 11:10:22 HMMscan done 1/2.
2025/05/07 11:10:22 Collecting HMMscan results.
2025/05/07 11:10:22 RPSblast will be performed using 2 CPUs.
2025/05/07 11:13:42 RPSblast done 1/2.
2025/05/07 11:13:42 RPSblast done 2/2.
2025/05/07 11:13:42 rpsbproc will be performed using 2 CPUs.
2025/05/07 11:13:44 rpsbproc done 1/2.
2025/05/07 11:13:44 rpsbproc done 2/2.
2025/05/07 11:13:45 Start contig annotation process using 2 CPUs
2025/05/07 11:13:45 Partial CDS predicted at sequence0001:[<0:1911](+) will be annotated as misc_feature
2025/05/07 11:13:45 Partial CDS predicted at sequence0003:[<0:1911](+) will be annotated as misc_feature
2025/05/07 11:13:45 Partial CDS predicted at sequence0011:[<0:1312](+) will be annotated as misc_feature
2025/05/07 11:13:45 Partial CDS predicted at sequence0011:[67722:>69419](-) will be annotated as misc_feature
2025/05/07 11:13:45 Partial CDS predicted at sequence0018:[53077:>53887](-) will be annotated as misc_feature
2025/05/07 11:13:45 Partial CDS predicted at sequence0020:[51922:>52687](-) will be annotated as misc_feature
2025/05/07 11:13:45 Partial CDS predicted at sequence0023:[<0:2571](+) will be annotated as misc_feature
2025/05/07 11:13:45 Partial CDS predicted at sequence0027:[29014:>30320](-) will be annotated as misc_feature
2025/05/07 11:13:45 Partial CDS predicted at sequence0034:[<0:590](+) will be annotated as misc_feature
2025/05/07 11:13:45 Partial CDS predicted at sequence0039:[<0:613](+) will be annotated as misc_feature
2025/05/07 11:13:45 Partial CDS predicted at sequence0039:[17288:>18077](-) will be annotated as misc_feature
2025/05/07 11:13:45 Partial CDS predicted at sequence0040:[15343:>16581](-) will be annotated as misc_feature
2025/05/07 11:13:45 Partial CDS predicted at sequence0046:[<0:938](+) will be annotated as misc_feature
2025/05/07 11:13:45 Partial CDS predicted at sequence0046:[8237:>8784](-) will be annotated as misc_feature
2025/05/07 11:13:45 Partial CDS predicted at sequence0051:[5233:>5854](-) will be annotated as misc_feature
2025/05/07 11:13:45 Partial CDS predicted at sequence0052:[5077:>5851](-) will be annotated as misc_feature
2025/05/07 11:13:45 Partial CDS predicted at sequence0059:[2196:>2976](-) will be annotated as misc_feature
2025/05/07 11:13:45 Partial CDS predicted at sequence0068:[605:>1199](-) will be annotated as misc_feature
2025/05/07 11:13:45 Partial CDS predicted at sequence0071:[7:>1078](-) will be annotated as misc_feature
2025/05/07 11:13:45 Partial CDS predicted at sequence0073:[52:>957](-) will be annotated as misc_feature
2025/05/07 11:13:45 Partial CDS predicted at sequence0084:[219:>852](-) will be annotated as misc_feature
2025/05/07 11:13:45 Partial CDS predicted at sequence0085:[<0:805](+) will be annotated as misc_feature
2025/05/07 11:13:45 Partial CDS predicted at sequence0111:[<0:528](+) will be annotated as misc_feature
2025/05/07 11:13:45 Partial CDS predicted at sequence0114:[<0:538](+) will be annotated as misc_feature
2025/05/07 11:13:45 Partial CDS predicted at sequence0120:[<0:552](+) will be annotated as misc_feature
2025/05/07 11:13:45 Partial CDS predicted at sequence0125:[<0:550](+) will be annotated as misc_feature
2025/05/07 11:13:45 Partial CDS predicted at sequence0139:[7:>522](-) will be annotated as misc_feature
2025/05/07 11:13:46 Removed 5585 partial features.
2025/05/07 11:13:46 Assigning locus_tags to CDS, rRNA, tRNA, tmRNA
2025/05/07 11:13:47 Setting output verbosity level to 3.
2025/05/07 11:13:47 Writing a genome fasta file to dfast_output/genome.fna
2025/05/07 11:13:47 Writing a CDS fasta file to dfast_output/cds.fna
2025/05/07 11:13:47 Writing a protein fasta file to dfast_output/protein.faa
2025/05/07 11:13:47 Writing an RNA fasta file to dfast_output/rna.fna
2025/05/07 11:13:47 Writing a GFF file to dfast_output/genome.gff
2025/05/07 11:13:47 Writing a GenBank format file to dfast_output/genome.gbk
2025/05/07 11:13:48 Writing an EMBL format file to dfast_output/genome.embl
2025/05/07 11:13:49 Writing a DDBJ annotation file to dfast_output/ddbj/mss.ann
2025/05/07 11:13:49 Writing a DDBJ sequence file to dfast_output/ddbj/mss.fasta
2025/05/07 11:13:50 [Experimental] DFAST Record JSON will not be generated. Please install dr_tools and use Python>=3.10.
2025/05/07 11:13:50 DFAST pipeline completed!
2025/05/07 11:13:50 Total running time: 0h16m18s
