/Users/kimberlyhabon/miniconda3/envs/genomeanalysis/bin/quast.py abyssoutgalaxy/scaffolds.fasta -o quastabyss

Version: 5.3.0

System information:
  OS: macOS-11.1-x86_64-i386-64bit-Mach-O (macosx)
  Python version: 3.13.2
  CPUs number: 4

Started: 2025-05-05 21:03:56

Logging to /Users/kimberlyhabon/Desktop/Genomeanalysisfinalproject/quastabyss/quast.log
NOTICE: Maximum number of threads is set to 1 (use --threads option to set it manually)

CWD: /Users/kimberlyhabon/Desktop/Genomeanalysisfinalproject
Main parameters: 
  MODE: default, threads: 1, min contig length: 500, min alignment length: 65, min alignment IDY: 95.0, \
  ambiguity: one, min local misassembly length: 200, min extensive misassembly length: 1000

Contigs:
  Pre-processing...
  abyssoutgalaxy/scaffolds.fasta ==> scaffolds

2025-05-05 21:03:58
Running Basic statistics processor...
  Contig files: 
    scaffolds
  Calculating N50 and L50...
    scaffolds, N50 = 30155, L50 = 33, auN = 45272.3, Total length = 3616194, GC % = 46.45, # N's per 100 kbp =  100.44
  Drawing Nx plot...
    saved to /Users/kimberlyhabon/Desktop/Genomeanalysisfinalproject/quastabyss/basic_stats/Nx_plot.pdf
  Drawing cumulative plot...
    saved to /Users/kimberlyhabon/Desktop/Genomeanalysisfinalproject/quastabyss/basic_stats/cumulative_plot.pdf
  Drawing GC content plot...
    saved to /Users/kimberlyhabon/Desktop/Genomeanalysisfinalproject/quastabyss/basic_stats/GC_content_plot.pdf
  Drawing scaffolds GC content plot...
    saved to /Users/kimberlyhabon/Desktop/Genomeanalysisfinalproject/quastabyss/basic_stats/scaffolds_GC_content_plot.pdf
Done.

NOTICE: Genes are not predicted by default. Use --gene-finding or --glimmer option to enable it.

2025-05-05 21:04:00
Creating large visual summaries...
This may take a while: press Ctrl-C to skip this step..
  1 of 2: Creating PDF with all tables and plots...
  2 of 2: Creating Icarus viewers...
Done

2025-05-05 21:04:02
RESULTS:
  Text versions of total report are saved to /Users/kimberlyhabon/Desktop/Genomeanalysisfinalproject/quastabyss/report.txt, report.tsv, and report.tex
  Text versions of transposed total report are saved to /Users/kimberlyhabon/Desktop/Genomeanalysisfinalproject/quastabyss/transposed_report.txt, transposed_report.tsv, and transposed_report.tex
  HTML version (interactive tables and plots) is saved to /Users/kimberlyhabon/Desktop/Genomeanalysisfinalproject/quastabyss/report.html
  PDF version (tables and plots) is saved to /Users/kimberlyhabon/Desktop/Genomeanalysisfinalproject/quastabyss/report.pdf
  Icarus (contig browser) is saved to /Users/kimberlyhabon/Desktop/Genomeanalysisfinalproject/quastabyss/icarus.html
  Log is saved to /Users/kimberlyhabon/Desktop/Genomeanalysisfinalproject/quastabyss/quast.log

Finished: 2025-05-05 21:04:02
Elapsed time: 0:00:05.843094
NOTICEs: 2; WARNINGs: 0; non-fatal ERRORs: 0

Thank you for using QUAST!
